/home/davkim/machina_ws/src/robotic_sol/install/robotic_sol/lib/python3.10/site-packages/robotic_sol/sensor_client.py
/home/davkim/machina_ws/src/robotic_sol/install/robotic_sol/lib/python3.10/site-packages/robotic_sol/sensor.py
/home/davkim/machina_ws/src/robotic_sol/install/robotic_sol/lib/python3.10/site-packages/robotic_sol/sensor_mgr.py
/home/davkim/machina_ws/src/robotic_sol/install/robotic_sol/lib/python3.10/site-packages/robotic_sol/__init__.py
/home/davkim/machina_ws/src/robotic_sol/install/robotic_sol/lib/python3.10/site-packages/robotic_sol/example.py
/home/davkim/machina_ws/src/robotic_sol/install/robotic_sol/lib/python3.10/site-packages/robotic_sol/__pycache__/sensor_client.cpython-310.pyc
/home/davkim/machina_ws/src/robotic_sol/install/robotic_sol/lib/python3.10/site-packages/robotic_sol/__pycache__/sensor.cpython-310.pyc
/home/davkim/machina_ws/src/robotic_sol/install/robotic_sol/lib/python3.10/site-packages/robotic_sol/__pycache__/sensor_mgr.cpython-310.pyc
/home/davkim/machina_ws/src/robotic_sol/install/robotic_sol/lib/python3.10/site-packages/robotic_sol/__pycache__/__init__.cpython-310.pyc
/home/davkim/machina_ws/src/robotic_sol/install/robotic_sol/lib/python3.10/site-packages/robotic_sol/__pycache__/example.cpython-310.pyc
/home/davkim/machina_ws/src/robotic_sol/install/robotic_sol/share/ament_index/resource_index/packages/robotic_sol
/home/davkim/machina_ws/src/robotic_sol/install/robotic_sol/share/robotic_sol/package.xml
/home/davkim/machina_ws/src/robotic_sol/install/robotic_sol/lib/python3.10/site-packages/robotic_sol-0.0.0-py3.10.egg-info/dependency_links.txt
/home/davkim/machina_ws/src/robotic_sol/install/robotic_sol/lib/python3.10/site-packages/robotic_sol-0.0.0-py3.10.egg-info/requires.txt
/home/davkim/machina_ws/src/robotic_sol/install/robotic_sol/lib/python3.10/site-packages/robotic_sol-0.0.0-py3.10.egg-info/entry_points.txt
/home/davkim/machina_ws/src/robotic_sol/install/robotic_sol/lib/python3.10/site-packages/robotic_sol-0.0.0-py3.10.egg-info/top_level.txt
/home/davkim/machina_ws/src/robotic_sol/install/robotic_sol/lib/python3.10/site-packages/robotic_sol-0.0.0-py3.10.egg-info/PKG-INFO
/home/davkim/machina_ws/src/robotic_sol/install/robotic_sol/lib/python3.10/site-packages/robotic_sol-0.0.0-py3.10.egg-info/SOURCES.txt
/home/davkim/machina_ws/src/robotic_sol/install/robotic_sol/lib/python3.10/site-packages/robotic_sol-0.0.0-py3.10.egg-info/zip-safe
/home/davkim/machina_ws/src/robotic_sol/install/robotic_sol/lib/robotic_sol/sensor_client_node
/home/davkim/machina_ws/src/robotic_sol/install/robotic_sol/lib/robotic_sol/sensor_mgr_node
/home/davkim/machina_ws/src/robotic_sol/install/robotic_sol/lib/robotic_sol/sensor_node
