[0.727s] Invoking command in '/home/davkim/machina_ws/src/robotic_sol': PYTHONPATH=/home/davkim/machina_ws/src/robotic_sol/build/robotic_sol/prefix_override:/home/davkim/machina_ws/src/robotic_sol/install/robotic_sol/lib/python3.10/site-packages:${PYTHONPATH} /usr/bin/python3 -W ignore:setup.py install is deprecated setup.py egg_info --egg-base build/robotic_sol build --build-base /home/davkim/machina_ws/src/robotic_sol/build/robotic_sol/build install --record /home/davkim/machina_ws/src/robotic_sol/build/robotic_sol/install.log --single-version-externally-managed install_data
[0.992s] running egg_info
[0.992s] writing build/robotic_sol/robotic_sol.egg-info/PKG-INFO
[0.992s] writing dependency_links to build/robotic_sol/robotic_sol.egg-info/dependency_links.txt
[0.992s] writing entry points to build/robotic_sol/robotic_sol.egg-info/entry_points.txt
[0.993s] writing requirements to build/robotic_sol/robotic_sol.egg-info/requires.txt
[0.993s] writing top-level names to build/robotic_sol/robotic_sol.egg-info/top_level.txt
[0.995s] reading manifest file 'build/robotic_sol/robotic_sol.egg-info/SOURCES.txt'
[0.996s] writing manifest file 'build/robotic_sol/robotic_sol.egg-info/SOURCES.txt'
[0.996s] running build
[0.996s] running build_py
[0.996s] copying robotic_sol/sensor_mgr.py -> /home/davkim/machina_ws/src/robotic_sol/build/robotic_sol/build/lib/robotic_sol
[0.996s] running install
[0.997s] running install_lib
[0.998s] copying /home/davkim/machina_ws/src/robotic_sol/build/robotic_sol/build/lib/robotic_sol/sensor_mgr.py -> /home/davkim/machina_ws/src/robotic_sol/install/robotic_sol/lib/python3.10/site-packages/robotic_sol
[0.998s] byte-compiling /home/davkim/machina_ws/src/robotic_sol/install/robotic_sol/lib/python3.10/site-packages/robotic_sol/sensor_mgr.py to sensor_mgr.cpython-310.pyc
[0.999s] running install_data
[0.999s] running install_egg_info
[1.001s] removing '/home/davkim/machina_ws/src/robotic_sol/install/robotic_sol/lib/python3.10/site-packages/robotic_sol-0.0.0-py3.10.egg-info' (and everything under it)
[1.002s] Copying build/robotic_sol/robotic_sol.egg-info to /home/davkim/machina_ws/src/robotic_sol/install/robotic_sol/lib/python3.10/site-packages/robotic_sol-0.0.0-py3.10.egg-info
[1.002s] running install_scripts
[1.024s] Installing sensor_client_node script to /home/davkim/machina_ws/src/robotic_sol/install/robotic_sol/lib/robotic_sol
[1.024s] Installing sensor_mgr_node script to /home/davkim/machina_ws/src/robotic_sol/install/robotic_sol/lib/robotic_sol
[1.024s] Installing sensor_node script to /home/davkim/machina_ws/src/robotic_sol/install/robotic_sol/lib/robotic_sol
[1.025s] writing list of installed files to '/home/davkim/machina_ws/src/robotic_sol/build/robotic_sol/install.log'
[1.049s] Invoked command in '/home/davkim/machina_ws/src/robotic_sol' returned '0': PYTHONPATH=/home/davkim/machina_ws/src/robotic_sol/build/robotic_sol/prefix_override:/home/davkim/machina_ws/src/robotic_sol/install/robotic_sol/lib/python3.10/site-packages:${PYTHONPATH} /usr/bin/python3 -W ignore:setup.py install is deprecated setup.py egg_info --egg-base build/robotic_sol build --build-base /home/davkim/machina_ws/src/robotic_sol/build/robotic_sol/build install --record /home/davkim/machina_ws/src/robotic_sol/build/robotic_sol/install.log --single-version-externally-managed install_data
