running egg_info
writing build/robotic_sol/robotic_sol.egg-info/PKG-INFO
writing dependency_links to build/robotic_sol/robotic_sol.egg-info/dependency_links.txt
writing entry points to build/robotic_sol/robotic_sol.egg-info/entry_points.txt
writing requirements to build/robotic_sol/robotic_sol.egg-info/requires.txt
writing top-level names to build/robotic_sol/robotic_sol.egg-info/top_level.txt
reading manifest file 'build/robotic_sol/robotic_sol.egg-info/SOURCES.txt'
writing manifest file 'build/robotic_sol/robotic_sol.egg-info/SOURCES.txt'
running build
running build_py
copying robotic_sol/sensor_mgr.py -> /home/davkim/machina_ws/src/robotic_sol/build/robotic_sol/build/lib/robotic_sol
running install
running install_lib
copying /home/davkim/machina_ws/src/robotic_sol/build/robotic_sol/build/lib/robotic_sol/sensor_mgr.py -> /home/davkim/machina_ws/src/robotic_sol/install/robotic_sol/lib/python3.10/site-packages/robotic_sol
byte-compiling /home/davkim/machina_ws/src/robotic_sol/install/robotic_sol/lib/python3.10/site-packages/robotic_sol/sensor_mgr.py to sensor_mgr.cpython-310.pyc
running install_data
running install_egg_info
removing '/home/davkim/machina_ws/src/robotic_sol/install/robotic_sol/lib/python3.10/site-packages/robotic_sol-0.0.0-py3.10.egg-info' (and everything under it)
Copying build/robotic_sol/robotic_sol.egg-info to /home/davkim/machina_ws/src/robotic_sol/install/robotic_sol/lib/python3.10/site-packages/robotic_sol-0.0.0-py3.10.egg-info
running install_scripts
Installing sensor_client_node script to /home/davkim/machina_ws/src/robotic_sol/install/robotic_sol/lib/robotic_sol
Installing sensor_mgr_node script to /home/davkim/machina_ws/src/robotic_sol/install/robotic_sol/lib/robotic_sol
Installing sensor_node script to /home/davkim/machina_ws/src/robotic_sol/install/robotic_sol/lib/robotic_sol
writing list of installed files to '/home/davkim/machina_ws/src/robotic_sol/build/robotic_sol/install.log'
