[0.701s] Invoking command in '/home/davkim/machina_ws/src/robotic_sol': PYTHONPATH=/home/davkim/machina_ws/src/robotic_sol/build/robotic_sol/prefix_override:/home/davkim/machina_ws/src/robotic_sol/install/robotic_sol/lib/python3.10/site-packages:${PYTHONPATH} /usr/bin/python3 -W ignore:setup.py install is deprecated setup.py egg_info --egg-base build/robotic_sol build --build-base /home/davkim/machina_ws/src/robotic_sol/build/robotic_sol/build install --record /home/davkim/machina_ws/src/robotic_sol/build/robotic_sol/install.log --single-version-externally-managed install_data
[0.971s] running egg_info
[0.971s] writing build/robotic_sol/robotic_sol.egg-info/PKG-INFO
[0.972s] writing dependency_links to build/robotic_sol/robotic_sol.egg-info/dependency_links.txt
[0.972s] writing entry points to build/robotic_sol/robotic_sol.egg-info/entry_points.txt
[0.972s] writing requirements to build/robotic_sol/robotic_sol.egg-info/requires.txt
[0.972s] writing top-level names to build/robotic_sol/robotic_sol.egg-info/top_level.txt
[0.974s] reading manifest file 'build/robotic_sol/robotic_sol.egg-info/SOURCES.txt'
[0.975s] writing manifest file 'build/robotic_sol/robotic_sol.egg-info/SOURCES.txt'
[0.975s] running build
[0.975s] running build_py
[0.975s] copying robotic_sol/sensor_mgr.py -> /home/davkim/machina_ws/src/robotic_sol/build/robotic_sol/build/lib/robotic_sol
[0.976s] running install
[0.976s] running install_lib
[0.977s] copying /home/davkim/machina_ws/src/robotic_sol/build/robotic_sol/build/lib/robotic_sol/sensor_mgr.py -> /home/davkim/machina_ws/src/robotic_sol/install/robotic_sol/lib/python3.10/site-packages/robotic_sol
[0.978s] byte-compiling /home/davkim/machina_ws/src/robotic_sol/install/robotic_sol/lib/python3.10/site-packages/robotic_sol/sensor_mgr.py to sensor_mgr.cpython-310.pyc
[0.978s] running install_data
[0.979s] running install_egg_info
[0.980s] removing '/home/davkim/machina_ws/src/robotic_sol/install/robotic_sol/lib/python3.10/site-packages/robotic_sol-0.0.0-py3.10.egg-info' (and everything under it)
[0.981s] Copying build/robotic_sol/robotic_sol.egg-info to /home/davkim/machina_ws/src/robotic_sol/install/robotic_sol/lib/python3.10/site-packages/robotic_sol-0.0.0-py3.10.egg-info
[0.981s] running install_scripts
[1.003s] Installing sensor_client_node script to /home/davkim/machina_ws/src/robotic_sol/install/robotic_sol/lib/robotic_sol
[1.003s] Installing sensor_mgr_node script to /home/davkim/machina_ws/src/robotic_sol/install/robotic_sol/lib/robotic_sol
[1.003s] Installing sensor_node script to /home/davkim/machina_ws/src/robotic_sol/install/robotic_sol/lib/robotic_sol
[1.004s] writing list of installed files to '/home/davkim/machina_ws/src/robotic_sol/build/robotic_sol/install.log'
[1.028s] Invoked command in '/home/davkim/machina_ws/src/robotic_sol' returned '0': PYTHONPATH=/home/davkim/machina_ws/src/robotic_sol/build/robotic_sol/prefix_override:/home/davkim/machina_ws/src/robotic_sol/install/robotic_sol/lib/python3.10/site-packages:${PYTHONPATH} /usr/bin/python3 -W ignore:setup.py install is deprecated setup.py egg_info --egg-base build/robotic_sol build --build-base /home/davkim/machina_ws/src/robotic_sol/build/robotic_sol/build install --record /home/davkim/machina_ws/src/robotic_sol/build/robotic_sol/install.log --single-version-externally-managed install_data
